{
  "stats": {
    "suites": 1,
    "tests": 5,
    "passes": 5,
    "pending": 0,
    "failures": 0,
    "start": "2025-08-26T15:21:28.246Z",
    "end": "2025-08-26T15:21:32.400Z",
    "duration": 4154,
    "testsRegistered": 5,
    "passPercent": 100,
    "pendingPercent": 0,
    "other": 0,
    "hasOther": false,
    "skipped": 0,
    "hasSkipped": false
  },
  "results": [
    {
      "uuid": "652783bc-0374-40e6-b5bd-3e3f58977ea1",
      "title": "",
      "fullFile": "cypress\\e2e\\test\\api\\negativeScenarios.cy.js",
      "file": "cypress\\e2e\\test\\api\\negativeScenarios.cy.js",
      "beforeHooks": [],
      "afterHooks": [],
      "tests": [],
      "suites": [
        {
          "uuid": "809851ad-15be-4887-882f-5dfc4c988d33",
          "title": "Testes negativos dinâmicos da API RESTful",
          "fullFile": "",
          "file": "",
          "beforeHooks": [],
          "afterHooks": [],
          "tests": [
            {
              "title": "POST - Criar objeto com campos ausentes",
              "fullTitle": "Testes negativos dinâmicos da API RESTful POST - Criar objeto com campos ausentes",
              "timedOut": null,
              "duration": 1305,
              "state": "passed",
              "speed": "fast",
              "pass": true,
              "fail": false,
              "pending": false,
              "context": null,
              "code": "cy.allure().story('Validação de campos obrigatórios');\ncy.allure().severity('critical');\ncy.allure().description(`\n  ## Cenário: Criar objeto com campos ausentes\n  **Dado** que o cliente deseja criar um novo objeto via API  \n  **Quando** ele envia uma requisição POST com campos obrigatórios ausentes  \n  **Então** a API deve retornar um erro 400 (Bad Request)  \n  **E** informar quais campos estão faltando na resposta\n  ### Requisitos:\n  - Endpoint: \\`POST /api/objetos\\`\n  - Campos obrigatórios: \\`nome\\`, \\`tipo\\`, \\`dataCriacao\\`\n  - Resposta esperada: status 400 + mensagem de erro\n`);\nconst payload = (0, _generador.generateMissingFieldsPayload)();\ncy.request({\n  method: 'POST',\n  url: `${Cypress.config('baseUrl')}${Cypress.env('apiPath')}`,\n  body: payload,\n  failOnStatusCode: false\n}).then(response => {\n  expect(response.status).to.eq(200);\n  expect(response.body).to.have.property('name', payload.name);\n});",
              "err": {},
              "uuid": "996f9e2b-6ae5-49bf-ba96-224d9eb19fd1",
              "parentUUID": "809851ad-15be-4887-882f-5dfc4c988d33",
              "isHook": false,
              "skipped": false
            },
            {
              "title": "GET - Buscar objeto com Id inexistente",
              "fullTitle": "Testes negativos dinâmicos da API RESTful GET - Buscar objeto com Id inexistente",
              "timedOut": null,
              "duration": 599,
              "state": "passed",
              "speed": "fast",
              "pass": true,
              "fail": false,
              "pending": false,
              "context": null,
              "code": "cy.allure().severity('normal');\nconst id = (0, _generador.generateNonexistentId)();\ncy.getObjectFail(id).then(response => {\n  expect(response.status).to.eq(404);\n});",
              "err": {},
              "uuid": "e02af397-3e51-40c1-9c8a-92756d7755a7",
              "parentUUID": "809851ad-15be-4887-882f-5dfc4c988d33",
              "isHook": false,
              "skipped": false
            },
            {
              "title": "GET - Buscar objeto com Id mal formatado",
              "fullTitle": "Testes negativos dinâmicos da API RESTful GET - Buscar objeto com Id mal formatado",
              "timedOut": null,
              "duration": 865,
              "state": "passed",
              "speed": "fast",
              "pass": true,
              "fail": false,
              "pending": false,
              "context": null,
              "code": "cy.allure().severity('normal');\nconst id = (0, _generador.generateInvalidId)();\ncy.getObjectFail(id).then(response => {\n  expect(response.status).to.be.oneOf([400, 404]);\n});",
              "err": {},
              "uuid": "d820a23e-6d55-4f8e-be61-9d86c7a58ae0",
              "parentUUID": "809851ad-15be-4887-882f-5dfc4c988d33",
              "isHook": false,
              "skipped": false
            },
            {
              "title": "PUT - Atualizar objeto com Id inválido e payload válido",
              "fullTitle": "Testes negativos dinâmicos da API RESTful PUT - Atualizar objeto com Id inválido e payload válido",
              "timedOut": null,
              "duration": 539,
              "state": "passed",
              "speed": "fast",
              "pass": true,
              "fail": false,
              "pending": false,
              "context": null,
              "code": "cy.allure().severity('normal');\nconst id = (0, _generador.generateInvalidId)();\nconst payload = (0, _generador.generateMissingFieldsPayload)();\ncy.request({\n  method: 'PUT',\n  url: `${Cypress.config('baseUrl')}${Cypress.env('apiPath')}/${id}`,\n  body: payload,\n  failOnStatusCode: false\n}).then(response => {\n  expect(response.status).to.be.oneOf([400, 404]);\n});",
              "err": {},
              "uuid": "88d73f4a-b014-469f-a459-9d95d4247909",
              "parentUUID": "809851ad-15be-4887-882f-5dfc4c988d33",
              "isHook": false,
              "skipped": false
            },
            {
              "title": "DELETE - Remover objeto com Id inválido",
              "fullTitle": "Testes negativos dinâmicos da API RESTful DELETE - Remover objeto com Id inválido",
              "timedOut": null,
              "duration": 501,
              "state": "passed",
              "speed": "fast",
              "pass": true,
              "fail": false,
              "pending": false,
              "context": null,
              "code": "const id = (0, _generador.generateInvalidId)();\ncy.request({\n  method: 'DELETE',\n  url: `${Cypress.config('baseUrl')}${Cypress.env('apiPath')}/${id}`,\n  failOnStatusCode: false\n}).then(response => {\n  expect(response.status).to.be.oneOf([400, 404]);\n});",
              "err": {},
              "uuid": "408b3b72-45ae-4eea-bcd0-c52c9ea2599e",
              "parentUUID": "809851ad-15be-4887-882f-5dfc4c988d33",
              "isHook": false,
              "skipped": false
            }
          ],
          "suites": [],
          "passes": [
            "996f9e2b-6ae5-49bf-ba96-224d9eb19fd1",
            "e02af397-3e51-40c1-9c8a-92756d7755a7",
            "d820a23e-6d55-4f8e-be61-9d86c7a58ae0",
            "88d73f4a-b014-469f-a459-9d95d4247909",
            "408b3b72-45ae-4eea-bcd0-c52c9ea2599e"
          ],
          "failures": [],
          "pending": [],
          "skipped": [],
          "duration": 3809,
          "root": false,
          "rootEmpty": false,
          "_timeout": 2000
        }
      ],
      "passes": [],
      "failures": [],
      "pending": [],
      "skipped": [],
      "duration": 0,
      "root": true,
      "rootEmpty": true,
      "_timeout": 2000
    }
  ],
  "meta": {
    "mocha": {
      "version": "7.2.0"
    },
    "mochawesome": {
      "options": {
        "quiet": false,
        "reportFilename": "mochawesome",
        "saveHtml": true,
        "saveJson": true,
        "consoleReporter": "spec",
        "useInlineDiffs": false,
        "code": true
      },
      "version": "7.1.3"
    },
    "marge": {
      "options": {
        "reportDir": "cypress/reports",
        "overwrite": false,
        "html": true,
        "json": true
      },
      "version": "6.2.0"
    }
  }
}