{
  "stats": {
    "suites": 1,
    "tests": 5,
    "passes": 5,
    "pending": 0,
    "failures": 0,
    "start": "2025-08-26T15:27:07.942Z",
    "end": "2025-08-26T15:27:12.760Z",
    "duration": 4818,
    "testsRegistered": 5,
    "passPercent": 100,
    "pendingPercent": 0,
    "other": 0,
    "hasOther": false,
    "skipped": 0,
    "hasSkipped": false
  },
  "results": [
    {
      "uuid": "ba902fe5-aec1-466b-b7cf-f97f6dd41547",
      "title": "",
      "fullFile": "cypress\\e2e\\test\\api\\negativeScenarios.cy.js",
      "file": "cypress\\e2e\\test\\api\\negativeScenarios.cy.js",
      "beforeHooks": [],
      "afterHooks": [],
      "tests": [],
      "suites": [
        {
          "uuid": "61e47dc1-995c-4388-9037-c61c68222369",
          "title": "Testes negativos dinâmicos da API RESTful",
          "fullFile": "",
          "file": "",
          "beforeHooks": [],
          "afterHooks": [],
          "tests": [
            {
              "title": "POST - Criar objeto com campos ausentes",
              "fullTitle": "Testes negativos dinâmicos da API RESTful POST - Criar objeto com campos ausentes",
              "timedOut": null,
              "duration": 1415,
              "state": "passed",
              "speed": "fast",
              "pass": true,
              "fail": false,
              "pending": false,
              "context": null,
              "code": "cy.allure().story('Validação de campos obrigatórios');\ncy.allure().severity('critical');\ncy.allure().description(`\n  ## Cenário: Criar objeto com campos ausentes\n  *Dado* que o cliente deseja criar um novo objeto via API\\n\n  *Quando* ele envia uma requisição POST com campos obrigatórios ausentes\\n\n  *Então* a API deve retornar um erro 400 (Bad Request)\\n\n  *E* informar quais campos estão faltando na resposta \\n\n`);\nconst payload = (0, _generador.generateMissingFieldsPayload)();\ncy.request({\n  method: 'POST',\n  url: `${Cypress.config('baseUrl')}${Cypress.env('apiPath')}`,\n  body: payload,\n  failOnStatusCode: false\n}).then(response => {\n  expect(response.status).to.eq(200);\n  expect(response.body).to.have.property('name', payload.name);\n});",
              "err": {},
              "uuid": "f9305cf5-6817-4793-829a-86cd1b36ab40",
              "parentUUID": "61e47dc1-995c-4388-9037-c61c68222369",
              "isHook": false,
              "skipped": false
            },
            {
              "title": "GET - Buscar objeto com Id inexistente",
              "fullTitle": "Testes negativos dinâmicos da API RESTful GET - Buscar objeto com Id inexistente",
              "timedOut": null,
              "duration": 574,
              "state": "passed",
              "speed": "fast",
              "pass": true,
              "fail": false,
              "pending": false,
              "context": null,
              "code": "cy.allure().severity('normal');\nconst id = (0, _generador.generateNonexistentId)();\ncy.getObjectFail(id).then(response => {\n  expect(response.status).to.eq(404);\n});",
              "err": {},
              "uuid": "0600fe62-8ed5-4ea1-8878-b55f372fe9dc",
              "parentUUID": "61e47dc1-995c-4388-9037-c61c68222369",
              "isHook": false,
              "skipped": false
            },
            {
              "title": "GET - Buscar objeto com Id mal formatado",
              "fullTitle": "Testes negativos dinâmicos da API RESTful GET - Buscar objeto com Id mal formatado",
              "timedOut": null,
              "duration": 542,
              "state": "passed",
              "speed": "fast",
              "pass": true,
              "fail": false,
              "pending": false,
              "context": null,
              "code": "cy.allure().severity('normal');\nconst id = (0, _generador.generateInvalidId)();\ncy.getObjectFail(id).then(response => {\n  expect(response.status).to.be.oneOf([400, 404]);\n});",
              "err": {},
              "uuid": "9818d2e9-843c-4bf3-a907-5ea5fee58b40",
              "parentUUID": "61e47dc1-995c-4388-9037-c61c68222369",
              "isHook": false,
              "skipped": false
            },
            {
              "title": "PUT - Atualizar objeto com Id inválido e payload válido",
              "fullTitle": "Testes negativos dinâmicos da API RESTful PUT - Atualizar objeto com Id inválido e payload válido",
              "timedOut": null,
              "duration": 818,
              "state": "passed",
              "speed": "fast",
              "pass": true,
              "fail": false,
              "pending": false,
              "context": null,
              "code": "cy.allure().severity('normal');\nconst id = (0, _generador.generateInvalidId)();\nconst payload = (0, _generador.generateMissingFieldsPayload)();\ncy.request({\n  method: 'PUT',\n  url: `${Cypress.config('baseUrl')}${Cypress.env('apiPath')}/${id}`,\n  body: payload,\n  failOnStatusCode: false\n}).then(response => {\n  expect(response.status).to.be.oneOf([400, 404]);\n});",
              "err": {},
              "uuid": "fa5e8d78-375c-4cd5-b7b5-8a3b82160f6a",
              "parentUUID": "61e47dc1-995c-4388-9037-c61c68222369",
              "isHook": false,
              "skipped": false
            },
            {
              "title": "DELETE - Remover objeto com Id inválido",
              "fullTitle": "Testes negativos dinâmicos da API RESTful DELETE - Remover objeto com Id inválido",
              "timedOut": null,
              "duration": 577,
              "state": "passed",
              "speed": "fast",
              "pass": true,
              "fail": false,
              "pending": false,
              "context": null,
              "code": "const id = (0, _generador.generateInvalidId)();\ncy.request({\n  method: 'DELETE',\n  url: `${Cypress.config('baseUrl')}${Cypress.env('apiPath')}/${id}`,\n  failOnStatusCode: false\n}).then(response => {\n  expect(response.status).to.be.oneOf([400, 404]);\n});",
              "err": {},
              "uuid": "c7becc0c-2e43-4996-b901-7e162ba13597",
              "parentUUID": "61e47dc1-995c-4388-9037-c61c68222369",
              "isHook": false,
              "skipped": false
            }
          ],
          "suites": [],
          "passes": [
            "f9305cf5-6817-4793-829a-86cd1b36ab40",
            "0600fe62-8ed5-4ea1-8878-b55f372fe9dc",
            "9818d2e9-843c-4bf3-a907-5ea5fee58b40",
            "fa5e8d78-375c-4cd5-b7b5-8a3b82160f6a",
            "c7becc0c-2e43-4996-b901-7e162ba13597"
          ],
          "failures": [],
          "pending": [],
          "skipped": [],
          "duration": 3926,
          "root": false,
          "rootEmpty": false,
          "_timeout": 2000
        }
      ],
      "passes": [],
      "failures": [],
      "pending": [],
      "skipped": [],
      "duration": 0,
      "root": true,
      "rootEmpty": true,
      "_timeout": 2000
    }
  ],
  "meta": {
    "mocha": {
      "version": "7.2.0"
    },
    "mochawesome": {
      "options": {
        "quiet": false,
        "reportFilename": "mochawesome",
        "saveHtml": true,
        "saveJson": true,
        "consoleReporter": "spec",
        "useInlineDiffs": false,
        "code": true
      },
      "version": "7.1.3"
    },
    "marge": {
      "options": {
        "reportDir": "cypress/reports",
        "overwrite": false,
        "html": true,
        "json": true
      },
      "version": "6.2.0"
    }
  }
}