{
  "stats": {
    "suites": 1,
    "tests": 5,
    "passes": 5,
    "pending": 0,
    "failures": 0,
    "start": "2025-08-26T16:00:30.376Z",
    "end": "2025-08-26T16:00:34.175Z",
    "duration": 3799,
    "testsRegistered": 5,
    "passPercent": 100,
    "pendingPercent": 0,
    "other": 0,
    "hasOther": false,
    "skipped": 0,
    "hasSkipped": false
  },
  "results": [
    {
      "uuid": "9f4fca96-ec69-407b-9516-5c69216a4f5b",
      "title": "",
      "fullFile": "cypress\\e2e\\test\\api\\negativeScenarios.cy.js",
      "file": "cypress\\e2e\\test\\api\\negativeScenarios.cy.js",
      "beforeHooks": [],
      "afterHooks": [],
      "tests": [],
      "suites": [
        {
          "uuid": "bb7d96b4-015d-4c47-a55f-4c0eb206e245",
          "title": "Cenários Negativos API RestFull",
          "fullFile": "",
          "file": "",
          "beforeHooks": [],
          "afterHooks": [],
          "tests": [
            {
              "title": "POST - Criar objeto com campos ausentes",
              "fullTitle": "Cenários Negativos API RestFull POST - Criar objeto com campos ausentes",
              "timedOut": null,
              "duration": 1219,
              "state": "passed",
              "speed": "fast",
              "pass": true,
              "fail": false,
              "pending": false,
              "context": null,
              "code": "cy.allure().story('Validação de campos obrigatórios');\ncy.allure().severity('critical');\ncy.allure().description(`\n  ## Cenário: Criar objeto com campos ausentes\n  Dado que o cliente deseja criar um novo objeto via API\\n\n  Quando ele envia uma requisição POST com campos obrigatórios ausentes\\n\n  Então a API deve retornar um erro 400 (Bad Request)\\n\n  E informar quais campos estão faltando na resposta \\n\n`);\nconst payload = (0, _generador.generateMissingFieldsPayload)();\ncy.request({\n  method: 'POST',\n  url: `${Cypress.config('baseUrl')}${Cypress.env('apiPath')}`,\n  body: payload,\n  failOnStatusCode: false\n}).then(response => {\n  expect(response.status).to.eq(200);\n  expect(response.body).to.have.property('name', payload.name);\n});",
              "err": {},
              "uuid": "a5d50dd9-58e9-48eb-9f9c-69e0855c9022",
              "parentUUID": "bb7d96b4-015d-4c47-a55f-4c0eb206e245",
              "isHook": false,
              "skipped": false
            },
            {
              "title": "GET - Buscar objeto com Id inexistente",
              "fullTitle": "Cenários Negativos API RestFull GET - Buscar objeto com Id inexistente",
              "timedOut": null,
              "duration": 511,
              "state": "passed",
              "speed": "fast",
              "pass": true,
              "fail": false,
              "pending": false,
              "context": null,
              "code": "cy.allure().severity('normal');\ncy.allure().story('Validação de formato de ID');\ncy.allure().description(`\n  ## Cenário: Buscar objeto com ID inexistente\n  Dado que o cliente deseja consultar um objeto específico\\n  \n  Quando ele envia uma requisição GET com um ID que não existe no banco\\n  \n  Então a API deve retornar um erro 404 (Not Found)\\n  \n  E informar que o objeto não foi localizado\\n\n`);\nconst id = (0, _generador.generateNonexistentId)();\ncy.getObjectFail(id).then(response => {\n  expect(response.status).to.eq(404);\n});",
              "err": {},
              "uuid": "2267fc21-2207-4a39-aa2a-fefd913a1956",
              "parentUUID": "bb7d96b4-015d-4c47-a55f-4c0eb206e245",
              "isHook": false,
              "skipped": false
            },
            {
              "title": "GET - Buscar objeto com Id mal formatado",
              "fullTitle": "Cenários Negativos API RestFull GET - Buscar objeto com Id mal formatado",
              "timedOut": null,
              "duration": 501,
              "state": "passed",
              "speed": "fast",
              "pass": true,
              "fail": false,
              "pending": false,
              "context": null,
              "code": "cy.allure().severity('normal');\ncy.allure().description(`\n  ## Cenário: Buscar objeto com ID mal formatado\n  Dado que o cliente deseja consultar um objeto específico\\n  \n  Quando ele envia uma requisição GET com um ID mal formatado (ex: string, símbolo ou valor nulo)\\n  \n  Então a API deve retornar um erro 400 (Bad Request)\\n  \n  E informar que o formato do ID é inválido\\n\n`);\nconst id = (0, _generador.generateInvalidId)();\ncy.getObjectFail(id).then(response => {\n  expect(response.status).to.be.oneOf([400, 404]);\n});",
              "err": {},
              "uuid": "88fbe73b-6840-40dc-9458-2c766ecf929a",
              "parentUUID": "bb7d96b4-015d-4c47-a55f-4c0eb206e245",
              "isHook": false,
              "skipped": false
            },
            {
              "title": "PUT - Atualizar objeto com Id inválido e payload válido",
              "fullTitle": "Cenários Negativos API RestFull PUT - Atualizar objeto com Id inválido e payload válido",
              "timedOut": null,
              "duration": 593,
              "state": "passed",
              "speed": "fast",
              "pass": true,
              "fail": false,
              "pending": false,
              "context": null,
              "code": "cy.allure().severity('normal');\ncy.allure().description(`\n  ## Cenário: Buscar objeto com ID mal formatado\n  Dado que o cliente deseja consultar um objeto específico\\n  \n  Quando ele envia uma requisição GET com um ID mal formatado (ex: string, símbolo ou valor nulo)\\n  \n  Então a API deve retornar um erro 400 (Bad Request)\\n  \n  E informar que o formato do ID é inválido\\n\n`);\nconst id = (0, _generador.generateInvalidId)();\nconst payload = (0, _generador.generateMissingFieldsPayload)();\ncy.request({\n  method: 'PUT',\n  url: `${Cypress.config('baseUrl')}${Cypress.env('apiPath')}/${id}`,\n  body: payload,\n  failOnStatusCode: false\n}).then(response => {\n  expect(response.status).to.be.oneOf([400, 404]);\n});",
              "err": {},
              "uuid": "76061774-7d66-4b13-b443-a7922018459a",
              "parentUUID": "bb7d96b4-015d-4c47-a55f-4c0eb206e245",
              "isHook": false,
              "skipped": false
            },
            {
              "title": "DELETE - Remover objeto com Id inválido",
              "fullTitle": "Cenários Negativos API RestFull DELETE - Remover objeto com Id inválido",
              "timedOut": null,
              "duration": 497,
              "state": "passed",
              "speed": "fast",
              "pass": true,
              "fail": false,
              "pending": false,
              "context": null,
              "code": "cy.allure().severity('normal');\ncy.allure().description(`\n  ## Cenário: Remover objeto com ID inválido\n  Dado que o cliente deseja remover um objeto existente\\n  \n  E fornece um ID inválido (mal formatado ou inexistente)\\n  \n  Quando ele envia uma requisição DELETE para o endpoint com esse ID\\n  \n  Então a API deve retornar um erro apropriado (400 ou 404)\\n  \n  E informar que o objeto não foi encontrado ou que o ID é inválido\\n\n `);\nconst id = (0, _generador.generateInvalidId)();\ncy.request({\n  method: 'DELETE',\n  url: `${Cypress.config('baseUrl')}${Cypress.env('apiPath')}/${id}`,\n  failOnStatusCode: false\n}).then(response => {\n  expect(response.status).to.be.oneOf([400, 404]);\n});",
              "err": {},
              "uuid": "d120a7d2-cd40-4712-98cb-a876ef122a82",
              "parentUUID": "bb7d96b4-015d-4c47-a55f-4c0eb206e245",
              "isHook": false,
              "skipped": false
            }
          ],
          "suites": [],
          "passes": [
            "a5d50dd9-58e9-48eb-9f9c-69e0855c9022",
            "2267fc21-2207-4a39-aa2a-fefd913a1956",
            "88fbe73b-6840-40dc-9458-2c766ecf929a",
            "76061774-7d66-4b13-b443-a7922018459a",
            "d120a7d2-cd40-4712-98cb-a876ef122a82"
          ],
          "failures": [],
          "pending": [],
          "skipped": [],
          "duration": 3321,
          "root": false,
          "rootEmpty": false,
          "_timeout": 2000
        }
      ],
      "passes": [],
      "failures": [],
      "pending": [],
      "skipped": [],
      "duration": 0,
      "root": true,
      "rootEmpty": true,
      "_timeout": 2000
    }
  ],
  "meta": {
    "mocha": {
      "version": "7.2.0"
    },
    "mochawesome": {
      "options": {
        "quiet": false,
        "reportFilename": "mochawesome",
        "saveHtml": true,
        "saveJson": true,
        "consoleReporter": "spec",
        "useInlineDiffs": false,
        "code": true
      },
      "version": "7.1.3"
    },
    "marge": {
      "options": {
        "reportDir": "cypress/reports",
        "overwrite": false,
        "html": true,
        "json": true
      },
      "version": "6.2.0"
    }
  }
}