{
  "stats": {
    "suites": 1,
    "tests": 5,
    "passes": 5,
    "pending": 0,
    "failures": 0,
    "start": "2025-08-26T15:35:11.823Z",
    "end": "2025-08-26T15:35:16.633Z",
    "duration": 4810,
    "testsRegistered": 5,
    "passPercent": 100,
    "pendingPercent": 0,
    "other": 0,
    "hasOther": false,
    "skipped": 0,
    "hasSkipped": false
  },
  "results": [
    {
      "uuid": "0ba6914c-3746-4458-98fb-a400569bcb0f",
      "title": "",
      "fullFile": "cypress\\e2e\\test\\api\\negativeScenarios.cy.js",
      "file": "cypress\\e2e\\test\\api\\negativeScenarios.cy.js",
      "beforeHooks": [],
      "afterHooks": [],
      "tests": [],
      "suites": [
        {
          "uuid": "adf921ab-9c74-4c80-95b8-8c29427420eb",
          "title": "Testes negativos dinâmicos da API RESTful",
          "fullFile": "",
          "file": "",
          "beforeHooks": [],
          "afterHooks": [],
          "tests": [
            {
              "title": "POST - Criar objeto com campos ausentes",
              "fullTitle": "Testes negativos dinâmicos da API RESTful POST - Criar objeto com campos ausentes",
              "timedOut": null,
              "duration": 1524,
              "state": "passed",
              "speed": "fast",
              "pass": true,
              "fail": false,
              "pending": false,
              "context": null,
              "code": "cy.allure().story('Validação de campos obrigatórios');\ncy.allure().severity('critical');\ncy.allure().description(`\n  ## Cenário: Criar objeto com campos ausentes\n  Dado que o cliente deseja criar um novo objeto via API\\n\n  Quando ele envia uma requisição POST com campos obrigatórios ausentes\\n\n  Então a API deve retornar um erro 400 (Bad Request)\\n\n  E informar quais campos estão faltando na resposta \\n\n`);\nconst payload = (0, _generador.generateMissingFieldsPayload)();\ncy.request({\n  method: 'POST',\n  url: `${Cypress.config('baseUrl')}${Cypress.env('apiPath')}`,\n  body: payload,\n  failOnStatusCode: false\n}).then(response => {\n  expect(response.status).to.eq(200);\n  expect(response.body).to.have.property('name', payload.name);\n});",
              "err": {},
              "uuid": "a233d817-c54f-4127-b20d-a1a15cca304b",
              "parentUUID": "adf921ab-9c74-4c80-95b8-8c29427420eb",
              "isHook": false,
              "skipped": false
            },
            {
              "title": "GET - Buscar objeto com Id inexistente",
              "fullTitle": "Testes negativos dinâmicos da API RESTful GET - Buscar objeto com Id inexistente",
              "timedOut": null,
              "duration": 840,
              "state": "passed",
              "speed": "fast",
              "pass": true,
              "fail": false,
              "pending": false,
              "context": null,
              "code": "cy.allure().severity('normal');\ncy.allure().story('Validação de formato de ID');\ncy.allure().description(`\n  ## Cenário: Buscar objeto com ID inexistente\n  Dado que o cliente deseja consultar um objeto específico  \n  Quando ele envia uma requisição GET com um ID que não existe no banco  \n  Então a API deve retornar um erro 404 (Not Found)  \n  E informar que o objeto não foi localizado\n`);\nconst id = (0, _generador.generateNonexistentId)();\ncy.getObjectFail(id).then(response => {\n  expect(response.status).to.eq(404);\n});",
              "err": {},
              "uuid": "c387e0bb-9af8-4ad8-a55c-21e759ef014e",
              "parentUUID": "adf921ab-9c74-4c80-95b8-8c29427420eb",
              "isHook": false,
              "skipped": false
            },
            {
              "title": "GET - Buscar objeto com Id mal formatado",
              "fullTitle": "Testes negativos dinâmicos da API RESTful GET - Buscar objeto com Id mal formatado",
              "timedOut": null,
              "duration": 514,
              "state": "passed",
              "speed": "fast",
              "pass": true,
              "fail": false,
              "pending": false,
              "context": null,
              "code": "cy.allure().severity('normal');\ncy.allure().description(`\n  ## Cenário: Buscar objeto com ID mal formatado\n  Dado que o cliente deseja consultar um objeto específico  \n  Quando ele envia uma requisição GET com um ID mal formatado (ex: string, símbolo ou valor nulo)  \n  Então a API deve retornar um erro 400 (Bad Request)  \n  E informar que o formato do ID é inválido\n`);\nconst id = (0, _generador.generateInvalidId)();\ncy.getObjectFail(id).then(response => {\n  expect(response.status).to.be.oneOf([400, 404]);\n});",
              "err": {},
              "uuid": "63407e36-95bc-4b20-af1a-60702be74528",
              "parentUUID": "adf921ab-9c74-4c80-95b8-8c29427420eb",
              "isHook": false,
              "skipped": false
            },
            {
              "title": "PUT - Atualizar objeto com Id inválido e payload válido",
              "fullTitle": "Testes negativos dinâmicos da API RESTful PUT - Atualizar objeto com Id inválido e payload válido",
              "timedOut": null,
              "duration": 843,
              "state": "passed",
              "speed": "fast",
              "pass": true,
              "fail": false,
              "pending": false,
              "context": null,
              "code": "cy.allure().severity('normal');\ncy.allure().description(`\n  ## Cenário: Buscar objeto com ID mal formatado\n  Dado que o cliente deseja consultar um objeto específico  \n  Quando ele envia uma requisição GET com um ID mal formatado (ex: string, símbolo ou valor nulo)  \n  Então a API deve retornar um erro 400 (Bad Request)  \n  E informar que o formato do ID é inválido\n`);\nconst id = (0, _generador.generateInvalidId)();\nconst payload = (0, _generador.generateMissingFieldsPayload)();\ncy.request({\n  method: 'PUT',\n  url: `${Cypress.config('baseUrl')}${Cypress.env('apiPath')}/${id}`,\n  body: payload,\n  failOnStatusCode: false\n}).then(response => {\n  expect(response.status).to.be.oneOf([400, 404]);\n});",
              "err": {},
              "uuid": "71f05d92-ccf5-4396-a1e1-7c07cfdf3b13",
              "parentUUID": "adf921ab-9c74-4c80-95b8-8c29427420eb",
              "isHook": false,
              "skipped": false
            },
            {
              "title": "DELETE - Remover objeto com Id inválido",
              "fullTitle": "Testes negativos dinâmicos da API RESTful DELETE - Remover objeto com Id inválido",
              "timedOut": null,
              "duration": 605,
              "state": "passed",
              "speed": "fast",
              "pass": true,
              "fail": false,
              "pending": false,
              "context": null,
              "code": "cy.allure().severity('normal');\ncy.allure().description(`\n  ## Cenário: Remover objeto com ID inválido\n  Dado que o cliente deseja remover um objeto existente  \n  E fornece um ID inválido (mal formatado ou inexistente)  \n  Quando ele envia uma requisição DELETE para o endpoint com esse ID  \n  Então a API deve retornar um erro apropriado (400 ou 404)  \n  E informar que o objeto não foi encontrado ou que o ID é inválido\n `);\nconst id = (0, _generador.generateInvalidId)();\ncy.request({\n  method: 'DELETE',\n  url: `${Cypress.config('baseUrl')}${Cypress.env('apiPath')}/${id}`,\n  failOnStatusCode: false\n}).then(response => {\n  expect(response.status).to.be.oneOf([400, 404]);\n});",
              "err": {},
              "uuid": "0146ae22-c2ee-416e-9e43-4a483b7492f6",
              "parentUUID": "adf921ab-9c74-4c80-95b8-8c29427420eb",
              "isHook": false,
              "skipped": false
            }
          ],
          "suites": [],
          "passes": [
            "a233d817-c54f-4127-b20d-a1a15cca304b",
            "c387e0bb-9af8-4ad8-a55c-21e759ef014e",
            "63407e36-95bc-4b20-af1a-60702be74528",
            "71f05d92-ccf5-4396-a1e1-7c07cfdf3b13",
            "0146ae22-c2ee-416e-9e43-4a483b7492f6"
          ],
          "failures": [],
          "pending": [],
          "skipped": [],
          "duration": 4326,
          "root": false,
          "rootEmpty": false,
          "_timeout": 2000
        }
      ],
      "passes": [],
      "failures": [],
      "pending": [],
      "skipped": [],
      "duration": 0,
      "root": true,
      "rootEmpty": true,
      "_timeout": 2000
    }
  ],
  "meta": {
    "mocha": {
      "version": "7.2.0"
    },
    "mochawesome": {
      "options": {
        "quiet": false,
        "reportFilename": "mochawesome",
        "saveHtml": true,
        "saveJson": true,
        "consoleReporter": "spec",
        "useInlineDiffs": false,
        "code": true
      },
      "version": "7.1.3"
    },
    "marge": {
      "options": {
        "reportDir": "cypress/reports",
        "overwrite": false,
        "html": true,
        "json": true
      },
      "version": "6.2.0"
    }
  }
}