{
  "stats": {
    "suites": 1,
    "tests": 5,
    "passes": 5,
    "pending": 0,
    "failures": 0,
    "start": "2025-08-26T15:21:40.487Z",
    "end": "2025-08-26T15:21:43.719Z",
    "duration": 3232,
    "testsRegistered": 5,
    "passPercent": 100,
    "pendingPercent": 0,
    "other": 0,
    "hasOther": false,
    "skipped": 0,
    "hasSkipped": false
  },
  "results": [
    {
      "uuid": "a7af1c0a-147c-41c0-8786-80c8e085d713",
      "title": "",
      "fullFile": "cypress\\e2e\\test\\api\\positiveScenarios.cy.js",
      "file": "cypress\\e2e\\test\\api\\positiveScenarios.cy.js",
      "beforeHooks": [],
      "afterHooks": [],
      "tests": [],
      "suites": [
        {
          "uuid": "0c22c51d-a728-4f8d-9010-b338465bd596",
          "title": "Testes positivos da API RESTful",
          "fullFile": "",
          "file": "",
          "beforeHooks": [],
          "afterHooks": [],
          "tests": [
            {
              "title": "POST - Criar novo objeto dinâmico",
              "fullTitle": "Testes positivos da API RESTful POST - Criar novo objeto dinâmico",
              "timedOut": null,
              "duration": 628,
              "state": "passed",
              "speed": "fast",
              "pass": true,
              "fail": false,
              "pending": false,
              "context": null,
              "code": "cy.allure().severity('critical');\noriginalPayload = (0, _generador.generateValidPayload)();\ncy.createObject(originalPayload).then(response => {\n  expect(response.status).to.eq(200);\n  expect(response.body.name).to.eq(originalPayload.name);\n  createdId = response.body.id;\n});",
              "err": {},
              "uuid": "b30417c5-81fc-462a-9187-2d7e4f4247a7",
              "parentUUID": "0c22c51d-a728-4f8d-9010-b338465bd596",
              "isHook": false,
              "skipped": false
            },
            {
              "title": "GET - Buscar objeto criado",
              "fullTitle": "Testes positivos da API RESTful GET - Buscar objeto criado",
              "timedOut": null,
              "duration": 551,
              "state": "passed",
              "speed": "fast",
              "pass": true,
              "fail": false,
              "pending": false,
              "context": null,
              "code": "cy.allure().severity('critical');\ncy.getObject(createdId).then(response => {\n  expect(response.status).to.eq(200);\n  expect(response.body.id).to.eq(createdId);\n  expect(response.body.name).to.eq(originalPayload.name);\n});",
              "err": {},
              "uuid": "d2fdf5a5-3b4b-4f4f-b7d0-dbaf2fc778f2",
              "parentUUID": "0c22c51d-a728-4f8d-9010-b338465bd596",
              "isHook": false,
              "skipped": false
            },
            {
              "title": "PUT - Atualizar objeto com novos dados",
              "fullTitle": "Testes positivos da API RESTful PUT - Atualizar objeto com novos dados",
              "timedOut": null,
              "duration": 588,
              "state": "passed",
              "speed": "fast",
              "pass": true,
              "fail": false,
              "pending": false,
              "context": null,
              "code": "cy.allure().severity('critical');\nupdatedPayload = (0, _generador.generateValidPayload)();\ncy.updateObject(createdId, updatedPayload).then(response => {\n  expect(response.status).to.eq(200);\n  expect(response.body.name).to.eq(updatedPayload.name);\n});",
              "err": {},
              "uuid": "bcb5940a-0db1-421f-aece-ff6673e986d3",
              "parentUUID": "0c22c51d-a728-4f8d-9010-b338465bd596",
              "isHook": false,
              "skipped": false
            },
            {
              "title": "DELETE - Remover objeto",
              "fullTitle": "Testes positivos da API RESTful DELETE - Remover objeto",
              "timedOut": null,
              "duration": 548,
              "state": "passed",
              "speed": "fast",
              "pass": true,
              "fail": false,
              "pending": false,
              "context": null,
              "code": "cy.allure().severity('critical');\ncy.deleteObject(createdId).then(response => {\n  expect(response.status).to.eq(200);\n});",
              "err": {},
              "uuid": "dd554d81-5adb-45fd-a1e0-f309f5311fbc",
              "parentUUID": "0c22c51d-a728-4f8d-9010-b338465bd596",
              "isHook": false,
              "skipped": false
            },
            {
              "title": "GET - Verificar que o objeto removido não existe",
              "fullTitle": "Testes positivos da API RESTful GET - Verificar que o objeto removido não existe",
              "timedOut": null,
              "duration": 566,
              "state": "passed",
              "speed": "fast",
              "pass": true,
              "fail": false,
              "pending": false,
              "context": null,
              "code": "cy.allure().severity('normal');\ncy.getObjectFail(createdId).then(response => {\n  expect(response.status).to.eq(404);\n});",
              "err": {},
              "uuid": "1129b706-fbe7-4a7a-b3e1-3e3f49f93db1",
              "parentUUID": "0c22c51d-a728-4f8d-9010-b338465bd596",
              "isHook": false,
              "skipped": false
            }
          ],
          "suites": [],
          "passes": [
            "b30417c5-81fc-462a-9187-2d7e4f4247a7",
            "d2fdf5a5-3b4b-4f4f-b7d0-dbaf2fc778f2",
            "bcb5940a-0db1-421f-aece-ff6673e986d3",
            "dd554d81-5adb-45fd-a1e0-f309f5311fbc",
            "1129b706-fbe7-4a7a-b3e1-3e3f49f93db1"
          ],
          "failures": [],
          "pending": [],
          "skipped": [],
          "duration": 2881,
          "root": false,
          "rootEmpty": false,
          "_timeout": 2000
        }
      ],
      "passes": [],
      "failures": [],
      "pending": [],
      "skipped": [],
      "duration": 0,
      "root": true,
      "rootEmpty": true,
      "_timeout": 2000
    }
  ],
  "meta": {
    "mocha": {
      "version": "7.2.0"
    },
    "mochawesome": {
      "options": {
        "quiet": false,
        "reportFilename": "mochawesome",
        "saveHtml": true,
        "saveJson": true,
        "consoleReporter": "spec",
        "useInlineDiffs": false,
        "code": true
      },
      "version": "7.1.3"
    },
    "marge": {
      "options": {
        "reportDir": "cypress/reports",
        "overwrite": false,
        "html": true,
        "json": true
      },
      "version": "6.2.0"
    }
  }
}