{
  "stats": {
    "suites": 1,
    "tests": 5,
    "passes": 5,
    "pending": 0,
    "failures": 0,
    "start": "2025-08-26T15:24:55.714Z",
    "end": "2025-08-26T15:24:59.469Z",
    "duration": 3755,
    "testsRegistered": 5,
    "passPercent": 100,
    "pendingPercent": 0,
    "other": 0,
    "hasOther": false,
    "skipped": 0,
    "hasSkipped": false
  },
  "results": [
    {
      "uuid": "b6cfbd80-4ca6-4bd5-9cd5-84d8a617d009",
      "title": "",
      "fullFile": "cypress\\e2e\\test\\api\\positiveScenarios.cy.js",
      "file": "cypress\\e2e\\test\\api\\positiveScenarios.cy.js",
      "beforeHooks": [],
      "afterHooks": [],
      "tests": [],
      "suites": [
        {
          "uuid": "8e9c867a-8807-4ab2-a8be-22e3b4cc8b5c",
          "title": "Testes positivos da API RESTful",
          "fullFile": "",
          "file": "",
          "beforeHooks": [],
          "afterHooks": [],
          "tests": [
            {
              "title": "POST - Criar novo objeto dinâmico",
              "fullTitle": "Testes positivos da API RESTful POST - Criar novo objeto dinâmico",
              "timedOut": null,
              "duration": 762,
              "state": "passed",
              "speed": "fast",
              "pass": true,
              "fail": false,
              "pending": false,
              "context": null,
              "code": "cy.allure().severity('critical');\noriginalPayload = (0, _generador.generateValidPayload)();\ncy.createObject(originalPayload).then(response => {\n  expect(response.status).to.eq(200);\n  expect(response.body.name).to.eq(originalPayload.name);\n  createdId = response.body.id;\n});",
              "err": {},
              "uuid": "4aea66bc-245c-43c2-9af6-031ef51379bf",
              "parentUUID": "8e9c867a-8807-4ab2-a8be-22e3b4cc8b5c",
              "isHook": false,
              "skipped": false
            },
            {
              "title": "GET - Buscar objeto criado",
              "fullTitle": "Testes positivos da API RESTful GET - Buscar objeto criado",
              "timedOut": null,
              "duration": 682,
              "state": "passed",
              "speed": "fast",
              "pass": true,
              "fail": false,
              "pending": false,
              "context": null,
              "code": "cy.allure().severity('critical');\ncy.getObject(createdId).then(response => {\n  expect(response.status).to.eq(200);\n  expect(response.body.id).to.eq(createdId);\n  expect(response.body.name).to.eq(originalPayload.name);\n});",
              "err": {},
              "uuid": "e6aaf9b2-b209-406f-bad6-ebbc13c20389",
              "parentUUID": "8e9c867a-8807-4ab2-a8be-22e3b4cc8b5c",
              "isHook": false,
              "skipped": false
            },
            {
              "title": "PUT - Atualizar objeto com novos dados",
              "fullTitle": "Testes positivos da API RESTful PUT - Atualizar objeto com novos dados",
              "timedOut": null,
              "duration": 552,
              "state": "passed",
              "speed": "fast",
              "pass": true,
              "fail": false,
              "pending": false,
              "context": null,
              "code": "cy.allure().severity('critical');\nupdatedPayload = (0, _generador.generateValidPayload)();\ncy.updateObject(createdId, updatedPayload).then(response => {\n  expect(response.status).to.eq(200);\n  expect(response.body.name).to.eq(updatedPayload.name);\n});",
              "err": {},
              "uuid": "2f2d3299-feaa-49a9-983a-5aad90a1062d",
              "parentUUID": "8e9c867a-8807-4ab2-a8be-22e3b4cc8b5c",
              "isHook": false,
              "skipped": false
            },
            {
              "title": "DELETE - Remover objeto",
              "fullTitle": "Testes positivos da API RESTful DELETE - Remover objeto",
              "timedOut": null,
              "duration": 704,
              "state": "passed",
              "speed": "fast",
              "pass": true,
              "fail": false,
              "pending": false,
              "context": null,
              "code": "cy.allure().severity('critical');\ncy.deleteObject(createdId).then(response => {\n  expect(response.status).to.eq(200);\n});",
              "err": {},
              "uuid": "55c5fe23-e8df-4853-beb0-3cdab8ec7848",
              "parentUUID": "8e9c867a-8807-4ab2-a8be-22e3b4cc8b5c",
              "isHook": false,
              "skipped": false
            },
            {
              "title": "GET - Verificar que o objeto removido não existe",
              "fullTitle": "Testes positivos da API RESTful GET - Verificar que o objeto removido não existe",
              "timedOut": null,
              "duration": 546,
              "state": "passed",
              "speed": "fast",
              "pass": true,
              "fail": false,
              "pending": false,
              "context": null,
              "code": "cy.allure().severity('normal');\ncy.getObjectFail(createdId).then(response => {\n  expect(response.status).to.eq(404);\n});",
              "err": {},
              "uuid": "8d0b917d-fe11-4096-9a4a-75817eee3d73",
              "parentUUID": "8e9c867a-8807-4ab2-a8be-22e3b4cc8b5c",
              "isHook": false,
              "skipped": false
            }
          ],
          "suites": [],
          "passes": [
            "4aea66bc-245c-43c2-9af6-031ef51379bf",
            "e6aaf9b2-b209-406f-bad6-ebbc13c20389",
            "2f2d3299-feaa-49a9-983a-5aad90a1062d",
            "55c5fe23-e8df-4853-beb0-3cdab8ec7848",
            "8d0b917d-fe11-4096-9a4a-75817eee3d73"
          ],
          "failures": [],
          "pending": [],
          "skipped": [],
          "duration": 3246,
          "root": false,
          "rootEmpty": false,
          "_timeout": 2000
        }
      ],
      "passes": [],
      "failures": [],
      "pending": [],
      "skipped": [],
      "duration": 0,
      "root": true,
      "rootEmpty": true,
      "_timeout": 2000
    }
  ],
  "meta": {
    "mocha": {
      "version": "7.2.0"
    },
    "mochawesome": {
      "options": {
        "quiet": false,
        "reportFilename": "mochawesome",
        "saveHtml": true,
        "saveJson": true,
        "consoleReporter": "spec",
        "useInlineDiffs": false,
        "code": true
      },
      "version": "7.1.3"
    },
    "marge": {
      "options": {
        "reportDir": "cypress/reports",
        "overwrite": false,
        "html": true,
        "json": true
      },
      "version": "6.2.0"
    }
  }
}